wordswithcrossestest/build/outputs/logs/manifest-merger-debug-report.txt
-- Merging decision tree log ---
manifest
ADDED from src\main\AndroidManifest.xml:2:1-21:12
	xmlns:android
		ADDED from src\main\AndroidManifest.xml:3:5-63
	package
		ADDED from src\main\AndroidManifest.xml:4:5-72
		INJECTED from src\main\AndroidManifest.xml
		INJECTED from src\main\AndroidManifest.xml
	android:versionName
		ADDED from src\main\AndroidManifest.xml:6:5-30
		INJECTED from src\main\AndroidManifest.xml
		INJECTED from src\main\AndroidManifest.xml
	android:versionCode
		ADDED from src\main\AndroidManifest.xml:5:5-28
		INJECTED from src\main\AndroidManifest.xml
		INJECTED from src\main\AndroidManifest.xml
uses-sdk
ADDED from src\main\AndroidManifest.xml:8:5-73
	android:targetSdkVersion
		ADDED from src\main\AndroidManifest.xml:8:41-70
		INJECTED from src\main\AndroidManifest.xml
		INJECTED from src\main\AndroidManifest.xml
	android:minSdkVersion
		ADDED from src\main\AndroidManifest.xml:8:15-40
		INJECTED from src\main\AndroidManifest.xml
		INJECTED from src\main\AndroidManifest.xml
application
ADDED from src\main\AndroidManifest.xml:10:5-16:19
	android:allowBackup
		ADDED from src\main\AndroidManifest.xml:12:9-35
uses-library#android.test.runner
ADDED from src\main\AndroidManifest.xml:14:7-58
	android:name
		ADDED from src\main\AndroidManifest.xml:14:21-55
instrumentation#android.test.InstrumentationTestRunner
ADDED from src\main\AndroidManifest.xml:18:5-20:65
	android:targetPackage
		ADDED from src\main\AndroidManifest.xml:19:9-78
	android:name
		ADDED from src\main\AndroidManifest.xml:20:9-62